<?xml version="1.0" encoding="UTF-8"?>
<!-- Generated by org.testng.reporters.JUnitXMLReporter -->
<testsuite ignored="0" hostname="Ubuntu" failures="0" tests="6" name="Default test" time="0.13" errors="0" timestamp="2023-12-11T12:46:47 MEZ">
  <testcase classname="testNG.MyMathTest" name="testAddition" time="0.018"/>
  <testcase classname="testNG.MyMathTest" name="testComparison" time="0.004"/>
  <testcase classname="testNG.MyMathTest" name="testDivision" time="0.003"/>
  <testcase classname="testNG.MyMathTest" name="testDoubleDivision" time="0.002"/>
  <testcase classname="testNG.MyMathTest" name="testMultiplication" time="0.003"/>
  <testcase classname="testNG.MyMathTest" name="testSubtraction" time="0.005"/>
</testsuite> <!-- Default test -->
