<?xml version="1.0" encoding="UTF-8"?>
<testng-results ignored="0" total="6" passed="6" failed="0" skipped="0">
  <reporter-output>
  </reporter-output>
  <suite started-at="2023-12-11T12:46:47 MEZ" name="Default suite" finished-at="2023-12-11T12:46:47 MEZ" duration-ms="130">
    <groups>
    </groups>
    <test started-at="2023-12-11T12:46:47 MEZ" name="Default test" finished-at="2023-12-11T12:46:47 MEZ" duration-ms="130">
      <class name="testNG.MyMathTest">
        <test-method signature="testAddition()[pri:0, instance:testNG.MyMathTest@770d3326]" started-at="2023-12-11T12:46:47 MEZ" name="testAddition" finished-at="2023-12-11T12:46:47 MEZ" duration-ms="18" status="PASS">
          <reporter-output>
          </reporter-output>
        </test-method> <!-- testAddition -->
        <test-method signature="testComparison()[pri:0, instance:testNG.MyMathTest@770d3326]" started-at="2023-12-11T12:46:47 MEZ" name="testComparison" finished-at="2023-12-11T12:46:47 MEZ" duration-ms="4" status="PASS">
          <reporter-output>
          </reporter-output>
        </test-method> <!-- testComparison -->
        <test-method signature="testDivision()[pri:0, instance:testNG.MyMathTest@770d3326]" started-at="2023-12-11T12:46:47 MEZ" name="testDivision" finished-at="2023-12-11T12:46:47 MEZ" duration-ms="3" status="PASS">
          <reporter-output>
          </reporter-output>
        </test-method> <!-- testDivision -->
        <test-method signature="testDoubleDivision()[pri:0, instance:testNG.MyMathTest@770d3326]" started-at="2023-12-11T12:46:47 MEZ" name="testDoubleDivision" finished-at="2023-12-11T12:46:47 MEZ" duration-ms="2" status="PASS">
          <reporter-output>
          </reporter-output>
        </test-method> <!-- testDoubleDivision -->
        <test-method signature="testMultiplication()[pri:0, instance:testNG.MyMathTest@770d3326]" started-at="2023-12-11T12:46:47 MEZ" name="testMultiplication" finished-at="2023-12-11T12:46:47 MEZ" duration-ms="3" status="PASS">
          <reporter-output>
          </reporter-output>
        </test-method> <!-- testMultiplication -->
        <test-method signature="testSubtraction()[pri:0, instance:testNG.MyMathTest@770d3326]" started-at="2023-12-11T12:46:47 MEZ" name="testSubtraction" finished-at="2023-12-11T12:46:47 MEZ" duration-ms="5" status="PASS">
          <reporter-output>
          </reporter-output>
        </test-method> <!-- testSubtraction -->
      </class> <!-- testNG.MyMathTest -->
    </test> <!-- Default test -->
  </suite> <!-- Default suite -->
</testng-results>
